<?xml version="1.0" encoding="UTF-8"?>
<!-- Generated by org.testng.reporters.JUnitReportReporter -->
<testsuite hostname="Rakibur-Khan" failures="0" tests="1" name="pagesTest.HomePageLogoTest" time="3.973" errors="0" timestamp="2024-03-25T23:23:55 EDT" skipped="0">
  <testcase classname="pagesTest.HomePageLogoTest" name="isLogoDisplayedTest" time="3.973"/>
  <system-out>
    <![CDATA[[[EdgeDriver: MicrosoftEdge on windows (32791cd146377b11806f16353dc98a4f)] -> xpath: //a[@class='icon-geico']]<---------> is Displayed, true<br>]]>
  </system-out>
</testsuite> <!-- pagesTest.HomePageLogoTest -->
