<?xml version="1.0" encoding="UTF-8"?>
<!-- Generated by org.testng.reporters.JUnitReportReporter -->
<testsuite hostname="Rakibur-Khan" failures="0" tests="1" name="pagesTest.HomePageTitleVerificationTest" time="3.892" errors="0" timestamp="2024-03-25T23:13:10 EDT" skipped="0">
  <testcase classname="pagesTest.HomePageTitleVerificationTest" name="titleVerification" time="3.892"/>
  <system-out>
    <![CDATA[Actual Title is : An Insurance Company For Your Car And More | GEICO ---> And Expected Title is :An Insurance Company For Your Car And More | GEICO<br>]]>
  </system-out>
</testsuite> <!-- pagesTest.HomePageTitleVerificationTest -->
