<?xml version="1.0" encoding="UTF-8"?>
<!-- Generated by org.testng.reporters.JUnitReportReporter -->
<testsuite hostname="Rakibur-Khan" failures="0" tests="1" name="pagesTest.LoginPageTest" time="52.499" errors="0" timestamp="2024-03-25T23:38:27 EDT" skipped="0">
  <testcase classname="pagesTest.LoginPageTest" name="logInPageTest" time="52.499"/>
  <system-out>
    <![CDATA[Sleeping ... zZz 3<br>
[[EdgeDriver: MicrosoftEdge on windows (0d4b4d3b98eebb367fd3ff1343ecfda1)] -> xpath: (//span[contains(text(),'Log In')])[1]]<---------> has been clicked<br>
Sleeping ... zZz 3<br>
Proxy element for: DefaultElementLocator 'By.xpath: (//button[@id='manageSubmit'])[1]'<---------> has been clicked<br>
Sleeping ... zZz 3<br>
[[EdgeDriver: MicrosoftEdge on windows (0d4b4d3b98eebb367fd3ff1343ecfda1)] -> xpath: //input[@id='TextInputComponent-1']] ---> We can Enter : 100 Character in the field which was similar with the Expected as: 100<br>
Sleeping ... zZz 2<br>
kafikhan786@gmail.com <-----> has been put into <-----> [[EdgeDriver: MicrosoftEdge on windows (0d4b4d3b98eebb367fd3ff1343ecfda1)] -> xpath: //input[@id='TextInputComponent-1']]<br>
Sleeping ... zZz 2<br>
Kafi101200 <-----> has been put into <-----> [[EdgeDriver: MicrosoftEdge on windows (0d4b4d3b98eebb367fd3ff1343ecfda1)] -> xpath: //input[@id='TextInputComponent-2']]<br>
Sleeping ... zZz 2<br>
The Text from the [[EdgeDriver: MicrosoftEdge on windows (0d4b4d3b98eebb367fd3ff1343ecfda1)] -> xpath: //input[@id='TextInputComponent-1']] ---> is cleared<br>
The Text from the [[EdgeDriver: MicrosoftEdge on windows (0d4b4d3b98eebb367fd3ff1343ecfda1)] -> xpath: //input[@id='TextInputComponent-2']] ---> is cleared<br>
Sleeping ... zZz 2<br>
kafikhan786@gmail.com <-----> has been put into <-----> [[EdgeDriver: MicrosoftEdge on windows (0d4b4d3b98eebb367fd3ff1343ecfda1)] -> xpath: //input[@id='TextInputComponent-1']]<br>
Sleeping ... zZz 2<br>
Kafi101200 <-----> has been put into <-----> [[EdgeDriver: MicrosoftEdge on windows (0d4b4d3b98eebb367fd3ff1343ecfda1)] -> xpath: //input[@id='TextInputComponent-2']]<br>
Sleeping ... zZz 2<br>
[[EdgeDriver: MicrosoftEdge on windows (0d4b4d3b98eebb367fd3ff1343ecfda1)] -> name: SubmitButtonComponent-1]<---------> has been clicked<br>]]>
  </system-out>
</testsuite> <!-- pagesTest.LoginPageTest -->
