<?xml version="1.0" encoding="UTF-8"?>
<!-- Generated by org.testng.reporters.JUnitReportReporter -->
<testsuite hostname="Rakibur-Khan" failures="0" tests="1" name="pagesTest.PracticeClassTest" time="8.283" errors="0" timestamp="2024-03-25T23:48:33 EDT" skipped="0">
  <testcase classname="pagesTest.PracticeClassTest" name="practiceClassMethodsTest" time="8.283"/>
  <system-out/>
</testsuite> <!-- pagesTest.PracticeClassTest -->
