<?xml version="1.0" encoding="UTF-8"?>
<!-- Generated by org.testng.reporters.JUnitReportReporter -->
<testsuite hostname="Rakibur-Khan" failures="0" tests="1" name="pagesTest.DropDownAutoPageTest" time="19.573" errors="0" timestamp="2024-03-25T23:00:05 EDT" skipped="0">
  <testcase classname="pagesTest.DropDownAutoPageTest" name="dropDownAutoPageTest" time="19.573"/>
  <system-out>
    <![CDATA[Sleeping ... zZz 3<br>
[[EdgeDriver: MicrosoftEdge on windows (b8c91878f7572ecf173493feefeaa6af)] -> xpath: (//span[contains(text(),'Log In')])[1]]<---------> has been clicked<br>
Sleeping ... zZz 3<br>
Landlord has been selected from the dropdown of ---> [[EdgeDriver: MicrosoftEdge on windows (b8c91878f7572ecf173493feefeaa6af)] -> xpath: //select[@id='manage_select']]<br>
Sleeping ... zZz 2<br>]]>
  </system-out>
</testsuite> <!-- pagesTest.DropDownAutoPageTest -->
