<?xml version="1.0" encoding="UTF-8"?>
<!-- Generated by org.testng.reporters.JUnitReportReporter -->
<testsuite hostname="Rakibur-Khan" failures="0" tests="1" name="pagesTest.MenuPageTest" time="11.510" errors="0" timestamp="2024-03-25T23:33:38 EDT" skipped="0">
  <testcase classname="pagesTest.MenuPageTest" name="clickOnhamburgerIconTest" time="11.510"/>
  <system-out>
    <![CDATA[Sleeping ... zZz 3<br>
[[EdgeDriver: MicrosoftEdge on windows (3227021a1de1db3f1b9aded6f1902dae)] -> xpath: //span[@class='header-link']]<---------> has been clicked<br>
[[EdgeDriver: MicrosoftEdge on windows (3227021a1de1db3f1b9aded6f1902dae)] -> xpath: //span[@class='header-link']]<---------> is Selected, false<br>
[[EdgeDriver: MicrosoftEdge on windows (3227021a1de1db3f1b9aded6f1902dae)] -> xpath: //span[@class='header-link']] ---> Actual text : Menu. Expected text : Menu<br>
Sleeping ... zZz 2<br>]]>
  </system-out>
</testsuite> <!-- pagesTest.MenuPageTest -->
